<?xml version="1.0" encoding="UTF-8"?>
<!-- Generated by org.testng.reporters.JUnitXMLReporter -->
<testsuite ignored="0" hostname="DESKTOP-9RBLILH" failures="0" tests="3" name="Default test" time="15.022" errors="0" timestamp="2019-10-05T13:39:50 IST">
  <testcase classname="com.binance.test.VerifyServerTime" name="verifyServerTime" time="4.999"/>
  <testcase classname="com.binance.test.VerifyTickerValueWithInvalidSymbol" name="verifyTickerValueWithInvalidSymbol" time="9.549"/>
  <testcase classname="com.binance.test.VerifyTickerValueWithValidSymbol" name="verifyTickerValue" time="0.369"/>
</testsuite> <!-- Default test -->
