<?xml version="1.0" encoding="UTF-8"?>
<!-- Generated by org.testng.reporters.JUnitXMLReporter -->
<testsuite ignored="0" hostname="DESKTOP-9RBLILH" failures="0" tests="3" name="Default test" time="5.051" errors="0" timestamp="2019-10-05T10:18:39 IST">
  <testcase classname="com.binance.test.VerifyServerTime" name="verifyServerTime" time="4.148"/>
  <testcase classname="com.binance.test.VerifyTickerValueWithInvalidSymbol" name="verifyTickerValueWithInvalidSymbol" time="0.376"/>
  <testcase classname="com.binance.test.VerifyTickerValueWithValidSymbol" name="verifyTickerValue" time="0.377"/>
</testsuite> <!-- Default test -->
