<?xml version="1.0" encoding="UTF-8"?>
<testng-results ignored="0" total="2" passed="2" failed="0" skipped="0">
  <reporter-output>
  </reporter-output>
  <suite started-at="2019-10-06T14:10:27 IST" name="Default suite" finished-at="2019-10-06T14:10:55 IST" duration-ms="28091">
    <groups>
    </groups>
    <test started-at="2019-10-06T14:10:27 IST" name="Default test" finished-at="2019-10-06T14:10:55 IST" duration-ms="28091">
      <class name="com.baseware.testCases.LoginTest">
        <test-method is-config="true" signature="setUp()[pri:0, instance:com.baseware.testCases.LoginTest@d706f19]" started-at="2019-10-06T14:10:27 IST" name="setUp" finished-at="2019-10-06T14:10:40 IST" duration-ms="13184" status="PASS">
          <reporter-output>
          </reporter-output>
        </test-method> <!-- setUp -->
        <test-method signature="verifyLogin(java.lang.String, java.lang.String)[pri:0, instance:com.baseware.testCases.LoginTest@d706f19]" started-at="2019-10-06T14:10:40 IST" name="verifyLogin" data-provider="validUserDataProvider" finished-at="2019-10-06T14:10:44 IST" duration-ms="3653" status="PASS">
          <params>
            <param index="0">
              <value>
                <![CDATA[friend]]>
              </value>
            </param>
            <param index="1">
              <value>
                <![CDATA[mellon]]>
              </value>
            </param>
          </params>
          <reporter-output>
          </reporter-output>
        </test-method> <!-- verifyLogin -->
        <test-method is-config="true" signature="tearDown()[pri:0, instance:com.baseware.testCases.LoginTest@d706f19]" started-at="2019-10-06T14:10:44 IST" name="tearDown" finished-at="2019-10-06T14:10:45 IST" duration-ms="821" status="PASS">
          <reporter-output>
          </reporter-output>
        </test-method> <!-- tearDown -->
      </class> <!-- com.baseware.testCases.LoginTest -->
      <class name="com.baseware.testCases.InvalidLoginTest">
        <test-method is-config="true" signature="setUp()[pri:0, instance:com.baseware.testCases.InvalidLoginTest@30b7c004]" started-at="2019-10-06T14:10:45 IST" name="setUp" finished-at="2019-10-06T14:10:49 IST" duration-ms="4352" status="PASS">
          <reporter-output>
          </reporter-output>
        </test-method> <!-- setUp -->
        <test-method signature="verifyInvalidLogin(java.lang.String, java.lang.String)[pri:0, instance:com.baseware.testCases.InvalidLoginTest@30b7c004]" started-at="2019-10-06T14:10:49 IST" name="verifyInvalidLogin" data-provider="invalidUserDataProvider" finished-at="2019-10-06T14:10:54 IST" duration-ms="5228" status="PASS">
          <params>
            <param index="0">
              <value>
                <![CDATA[invalidUser]]>
              </value>
            </param>
            <param index="1">
              <value>
                <![CDATA[invalidPassword]]>
              </value>
            </param>
          </params>
          <reporter-output>
          </reporter-output>
        </test-method> <!-- verifyInvalidLogin -->
        <test-method is-config="true" signature="tearDown()[pri:0, instance:com.baseware.testCases.InvalidLoginTest@30b7c004]" started-at="2019-10-06T14:10:54 IST" name="tearDown" finished-at="2019-10-06T14:10:55 IST" duration-ms="743" status="PASS">
          <reporter-output>
          </reporter-output>
        </test-method> <!-- tearDown -->
      </class> <!-- com.baseware.testCases.InvalidLoginTest -->
    </test> <!-- Default test -->
  </suite> <!-- Default suite -->
</testng-results>
