<?xml version="1.0" encoding="UTF-8"?>
<testng-results ignored="0" total="2" passed="2" failed="0" skipped="0">
  <reporter-output>
  </reporter-output>
  <suite started-at="2019-10-06T20:17:16 IST" name="Default suite" finished-at="2019-10-06T20:18:23 IST" duration-ms="67099">
    <groups>
    </groups>
    <test started-at="2019-10-06T20:17:16 IST" name="Default test" finished-at="2019-10-06T20:18:23 IST" duration-ms="67099">
      <class name="com.baseware.testCases.LoginTest">
        <test-method is-config="true" signature="setUp()[pri:0, instance:com.baseware.testCases.LoginTest@77167fb7]" started-at="2019-10-06T20:17:16 IST" name="setUp" finished-at="2019-10-06T20:17:35 IST" duration-ms="18657" status="PASS">
          <reporter-output>
          </reporter-output>
        </test-method> <!-- setUp -->
        <test-method signature="verifyLogin(java.lang.String, java.lang.String)[pri:0, instance:com.baseware.testCases.LoginTest@77167fb7]" started-at="2019-10-06T20:17:35 IST" name="verifyLogin" data-provider="validUserDataProvider" finished-at="2019-10-06T20:17:46 IST" duration-ms="10591" status="PASS">
          <params>
            <param index="0">
              <value>
                <![CDATA[friend]]>
              </value>
            </param>
            <param index="1">
              <value>
                <![CDATA[mellon]]>
              </value>
            </param>
          </params>
          <reporter-output>
          </reporter-output>
        </test-method> <!-- verifyLogin -->
        <test-method is-config="true" signature="tearDown()[pri:0, instance:com.baseware.testCases.LoginTest@77167fb7]" started-at="2019-10-06T20:17:46 IST" name="tearDown" finished-at="2019-10-06T20:17:51 IST" duration-ms="5475" status="PASS">
          <reporter-output>
          </reporter-output>
        </test-method> <!-- tearDown -->
      </class> <!-- com.baseware.testCases.LoginTest -->
      <class name="com.baseware.testCases.InvalidLoginTest">
        <test-method is-config="true" signature="setUp()[pri:0, instance:com.baseware.testCases.InvalidLoginTest@1fe20588]" started-at="2019-10-06T20:17:51 IST" name="setUp" finished-at="2019-10-06T20:18:10 IST" duration-ms="18832" status="PASS">
          <reporter-output>
          </reporter-output>
        </test-method> <!-- setUp -->
        <test-method signature="verifyInvalidLogin(java.lang.String, java.lang.String)[pri:0, instance:com.baseware.testCases.InvalidLoginTest@1fe20588]" started-at="2019-10-06T20:18:10 IST" name="verifyInvalidLogin" data-provider="invalidUserDataProvider" finished-at="2019-10-06T20:18:22 IST" duration-ms="11922" status="PASS">
          <params>
            <param index="0">
              <value>
                <![CDATA[invalidUser]]>
              </value>
            </param>
            <param index="1">
              <value>
                <![CDATA[invalidPassword]]>
              </value>
            </param>
          </params>
          <reporter-output>
          </reporter-output>
        </test-method> <!-- verifyInvalidLogin -->
        <test-method is-config="true" signature="tearDown()[pri:0, instance:com.baseware.testCases.InvalidLoginTest@1fe20588]" started-at="2019-10-06T20:18:22 IST" name="tearDown" finished-at="2019-10-06T20:18:23 IST" duration-ms="1428" status="PASS">
          <reporter-output>
          </reporter-output>
        </test-method> <!-- tearDown -->
      </class> <!-- com.baseware.testCases.InvalidLoginTest -->
    </test> <!-- Default test -->
  </suite> <!-- Default suite -->
</testng-results>
